0 info it worked if it ends with ok
1 verbose cli [ 'node',
1 verbose cli   '/usr/local/bin/npm',
1 verbose cli   'install',
1 verbose cli   'docpad-plugin-moment@2',
1 verbose cli   '--save' ]
2 info using npm@1.4.21
3 info using node@v0.10.30
4 verbose readDependencies using package.json deps
5 verbose cache add [ 'docpad-plugin-moment@2', null ]
6 verbose cache add name=undefined spec="docpad-plugin-moment@2" args=["docpad-plugin-moment@2",null]
7 verbose parsed url { protocol: null,
7 verbose parsed url   slashes: null,
7 verbose parsed url   auth: null,
7 verbose parsed url   host: null,
7 verbose parsed url   port: null,
7 verbose parsed url   hostname: null,
7 verbose parsed url   hash: null,
7 verbose parsed url   search: null,
7 verbose parsed url   query: null,
7 verbose parsed url   pathname: 'docpad-plugin-moment@2',
7 verbose parsed url   path: 'docpad-plugin-moment@2',
7 verbose parsed url   href: 'docpad-plugin-moment@2' }
8 verbose cache add name="docpad-plugin-moment" spec="2" args=["docpad-plugin-moment","2"]
9 verbose parsed url { protocol: null,
9 verbose parsed url   slashes: null,
9 verbose parsed url   auth: null,
9 verbose parsed url   host: null,
9 verbose parsed url   port: null,
9 verbose parsed url   hostname: null,
9 verbose parsed url   hash: null,
9 verbose parsed url   search: null,
9 verbose parsed url   query: null,
9 verbose parsed url   pathname: '2',
9 verbose parsed url   path: '2',
9 verbose parsed url   href: '2' }
10 verbose addNamed [ 'docpad-plugin-moment', '2' ]
11 verbose addNamed [ null, '>=2.0.0-0 <3.0.0-0' ]
12 silly lockFile 4f5e72bd-docpad-plugin-moment-2 docpad-plugin-moment@2
13 verbose lock docpad-plugin-moment@2 /Users/devonzuegel/.npm/4f5e72bd-docpad-plugin-moment-2.lock
14 silly addNameRange { name: 'docpad-plugin-moment',
14 silly addNameRange   range: '>=2.0.0-0 <3.0.0-0',
14 silly addNameRange   hasData: false }
15 verbose request where is /docpad-plugin-moment
16 verbose request registry https://registry.npmjs.org/
17 verbose request id 42a93c9e0c092b6b
18 verbose url raw /docpad-plugin-moment
19 verbose url resolving [ 'https://registry.npmjs.org/', './docpad-plugin-moment' ]
20 verbose url resolved https://registry.npmjs.org/docpad-plugin-moment
21 verbose request where is https://registry.npmjs.org/docpad-plugin-moment
22 info trying registry request attempt 1 at 17:09:35
23 http GET https://registry.npmjs.org/docpad-plugin-moment
24 info retry will retry, error on last attempt: Error: getaddrinfo ENOTFOUND
25 info trying registry request attempt 2 at 17:09:45
26 http GET https://registry.npmjs.org/docpad-plugin-moment
27 info retry will retry, error on last attempt: Error: getaddrinfo ENOTFOUND
28 info trying registry request attempt 3 at 17:10:45
29 http GET https://registry.npmjs.org/docpad-plugin-moment
30 silly lockFile 4f5e72bd-docpad-plugin-moment-2 docpad-plugin-moment@2
31 silly lockFile 4f5e72bd-docpad-plugin-moment-2 docpad-plugin-moment@2
32 error network getaddrinfo ENOTFOUND
32 error network This is most likely not a problem with npm itself
32 error network and is related to network connectivity.
32 error network In most cases you are behind a proxy or have bad network settings.
32 error network
32 error network If you are behind a proxy, please make sure that the
32 error network 'proxy' config is set properly.  See: 'npm help config'
33 error System Darwin 13.3.0
34 error command "node" "/usr/local/bin/npm" "install" "docpad-plugin-moment@2" "--save"
35 error cwd /Users/devonzuegel/Github/devon.zuegel.us
36 error node -v v0.10.30
37 error npm -v 1.4.21
38 error syscall getaddrinfo
39 error code ENOTFOUND
40 error errno ENOTFOUND
41 verbose exit [ 1, true ]
